# JRE version: OpenJDK Runtime Environment (26.0.1+8) (build 26.0.1+8-34)
# Java VM: OpenJDK 64-Bit Server VM (26.0.1+8-34, mixed mode, sharing, tiered, compressed oops, compressed class ptrs, g1 gc, windows-amd64)
GC Precious Log:
 CardTable entry size: 512
 Card Set container configuration: InlinePtr #cards 4 size 8 Array Of Cards #cards 16 size 48 Howl #buckets 8 coarsen threshold 3686 Howl Bitmap #cards 512 size 80 coarsen threshold 460 Card regions per heap region 1 cards per card region 4096
 CPUs: 16 total, 16 available
 Memory: 14173M
 Large Page Support: Disabled
 NUMA Support: Disabled
 Compressed Oops: Enabled (Zero based)
 Heap Region Size: 2M
 Heap Min Capacity: 8M
 Heap Initial Capacity: 8M
 Heap Max Capacity: 3544M
 Pre-touch: Disabled
 Parallel Workers: 13
 Concurrent Workers: 3
 Concurrent Refinement Workers: 13
 Periodic GC: Disabled
Heap:
 garbage-first heap   total reserved 3629056K, committed 147456K, used 60154K [0x0000000722800000, 0x0000000800000000)
  region size 2M, 18 eden (36M), 4 survivor (8M), 10 old (20M), 0 humongous (0M), 40 free (80M)
GC Heap Usage History (20 events):
Event: 0.501 {heap Before GC invocations=2 (full 0):
 garbage-first heap   total reserved 3629056K, committed 12288K, used 6096K [0x0000000722800000, 0x0000000800000000)
  region size 2M, 1 eden (2M), 1 survivor (2M), 3 old (6M), 0 humongous (0M), 1 free (2M)
}
Event: 0.503 {heap After GC invocations=3 (full 0):
 garbage-first heap   total reserved 3629056K, committed 14336K, used 8002K [0x0000000722800000, 0x0000000800000000)
  region size 2M, 0 eden (0M), 1 survivor (2M), 4 old (8M), 0 humongous (0M), 2 free (4M)
}
Event: 0.598 {heap Before GC invocations=3 (full 0):
 garbage-first heap   total reserved 3629056K, committed 14336K, used 10050K [0x0000000722800000, 0x0000000800000000)
  region size 2M, 1 eden (2M), 1 survivor (2M), 4 old (8M), 0 humongous (0M), 1 free (2M)
}
Event: 0.603 {heap After GC invocations=4 (full 0):
 garbage-first heap   total reserved 3629056K, committed 49152K, used 8650K [0x0000000722800000, 0x0000000800000000)
  region size 2M, 0 eden (0M), 1 survivor (2M), 5 old (10M), 0 humongous (0M), 18 free (36M)
}
Event: 1.210 {heap Before GC invocations=5 (full 0):
 garbage-first heap   total reserved 3629056K, committed 49152K, used 20938K [0x0000000722800000, 0x0000000800000000)
  region size 2M, 7 eden (14M), 1 survivor (2M), 5 old (10M), 0 humongous (0M), 11 free (22M)
}
Event: 1.217 {heap After GC invocations=6 (full 0):
 garbage-first heap   total reserved 3629056K, committed 49152K, used 10492K [0x0000000722800000, 0x0000000800000000)
  region size 2M, 0 eden (0M), 1 survivor (2M), 5 old (10M), 0 humongous (0M), 18 free (36M)
}
Event: 1.828 {heap Before GC invocations=6 (full 0):
 garbage-first heap   total reserved 3629056K, committed 49152K, used 26876K [0x0000000722800000, 0x0000000800000000)
  region size 2M, 8 eden (16M), 1 survivor (2M), 5 old (10M), 0 humongous (0M), 10 free (20M)
}
Event: 1.833 {heap After GC invocations=7 (full 0):
 garbage-first heap   total reserved 3629056K, committed 49152K, used 10970K [0x0000000722800000, 0x0000000800000000)
  region size 2M, 0 eden (0M), 2 survivor (4M), 5 old (10M), 0 humongous (0M), 17 free (34M)
}
Event: 2.414 {heap Before GC invocations=7 (full 0):
 garbage-first heap   total reserved 3629056K, committed 49152K, used 29402K [0x0000000722800000, 0x0000000800000000)
  region size 2M, 10 eden (20M), 2 survivor (4M), 5 old (10M), 0 humongous (0M), 7 free (14M)
}
Event: 2.419 {heap After GC invocations=8 (full 0):
 garbage-first heap   total reserved 3629056K, committed 49152K, used 12748K [0x0000000722800000, 0x0000000800000000)
  region size 2M, 0 eden (0M), 2 survivor (4M), 6 old (12M), 0 humongous (0M), 16 free (32M)
}
Event: 2.752 {heap Before GC invocations=8 (full 0):
 garbage-first heap   total reserved 3629056K, committed 49152K, used 31180K [0x0000000722800000, 0x0000000800000000)
  region size 2M, 10 eden (20M), 2 survivor (4M), 6 old (12M), 0 humongous (0M), 6 free (12M)
}
Event: 2.757 {heap After GC invocations=9 (full 0):
 garbage-first heap   total reserved 3629056K, committed 49152K, used 14254K [0x0000000722800000, 0x0000000800000000)
  region size 2M, 0 eden (0M), 2 survivor (4M), 6 old (12M), 0 humongous (0M), 16 free (32M)
}
Event: 2.933 {heap Before GC invocations=9 (full 0):
 garbage-first heap   total reserved 3629056K, committed 49152K, used 22446K [0x0000000722800000, 0x0000000800000000)
  region size 2M, 6 eden (12M), 2 survivor (4M), 6 old (12M), 0 humongous (0M), 10 free (20M)
}
Event: 2.937 {heap After GC invocations=10 (full 0):
 garbage-first heap   total reserved 3629056K, committed 49152K, used 15885K [0x0000000722800000, 0x0000000800000000)
  region size 2M, 0 eden (0M), 2 survivor (4M), 7 old (14M), 0 humongous (0M), 15 free (30M)
}
Event: 3.260 {heap Before GC invocations=11 (full 0):
 garbage-first heap   total reserved 3629056K, committed 49152K, used 36365K [0x0000000722800000, 0x0000000800000000)
  region size 2M, 10 eden (20M), 2 survivor (4M), 7 old (14M), 0 humongous (0M), 5 free (10M)
}
Event: 3.265 {heap After GC invocations=12 (full 0):
 garbage-first heap   total reserved 3629056K, committed 49152K, used 18432K [0x0000000722800000, 0x0000000800000000)
  region size 2M, 0 eden (0M), 2 survivor (4M), 8 old (16M), 0 humongous (0M), 14 free (28M)
}
Event: 3.572 {heap Before GC invocations=12 (full 0):
 garbage-first heap   total reserved 3629056K, committed 49152K, used 34816K [0x0000000722800000, 0x0000000800000000)
  region size 2M, 9 eden (18M), 2 survivor (4M), 8 old (16M), 0 humongous (0M), 5 free (10M)
}
Event: 3.579 {heap After GC invocations=13 (full 0):
 garbage-first heap   total reserved 3629056K, committed 147456K, used 20758K [0x0000000722800000, 0x0000000800000000)
  region size 2M, 0 eden (0M), 2 survivor (4M), 10 old (20M), 0 humongous (0M), 60 free (120M)
}
Event: 5.163 {heap Before GC invocations=13 (full 0):
 garbage-first heap   total reserved 3629056K, committed 147456K, used 65814K [0x0000000722800000, 0x0000000800000000)
  region size 2M, 24 eden (48M), 2 survivor (4M), 10 old (20M), 0 humongous (0M), 36 free (72M)
}
Event: 5.172 {heap After GC invocations=14 (full 0):
 garbage-first heap   total reserved 3629056K, committed 147456K, used 25338K [0x0000000722800000, 0x0000000800000000)
  region size 2M, 0 eden (0M), 4 survivor (8M), 10 old (20M), 0 humongous (0M), 58 free (116M)
}

